Release 14.5 - xst P.58f (nt64)
Copyright (c) 1995-2012 Xilinx, Inc.  All rights reserved.
--> Parameter TMPDIR set to xst/projnav.tmp


Total REAL time to Xst completion: 0.00 secs
Total CPU time to Xst completion: 0.07 secs
 
--> Parameter xsthdpdir set to xst


Total REAL time to Xst completion: 0.00 secs
Total CPU time to Xst completion: 0.07 secs
 
--> Reading design: registerfile.prj

TABLE OF CONTENTS
  1) Synthesis Options Summary
  2) HDL Parsing
  3) HDL Elaboration
  4) HDL Synthesis
       4.1) HDL Synthesis Report
  5) Advanced HDL Synthesis
       5.1) Advanced HDL Synthesis Report
  6) Low Level Synthesis
  7) Partition Report
  8) Design Summary
       8.1) Primitive and Black Box Usage
       8.2) Device utilization summary
       8.3) Partition Resource Summary
       8.4) Timing Report
            8.4.1) Clock Information
            8.4.2) Asynchronous Control Signals Information
            8.4.3) Timing Summary
            8.4.4) Timing Details
            8.4.5) Cross Clock Domains Report


=========================================================================
*                      Synthesis Options Summary                        *
=========================================================================
---- Source Parameters
Input File Name                    : "registerfile.prj"
Ignore Synthesis Constraint File   : NO

---- Target Parameters
Output File Name                   : "registerfile"
Output Format                      : NGC
Target Device                      : xc7a100t-3-csg324

---- Source Options
Top Module Name                    : registerfile
Automatic FSM Extraction           : YES
FSM Encoding Algorithm             : Auto
Safe Implementation                : No
FSM Style                          : LUT
RAM Extraction                     : Yes
RAM Style                          : Auto
ROM Extraction                     : Yes
Shift Register Extraction          : YES
ROM Style                          : Auto
Resource Sharing                   : YES
Asynchronous To Synchronous        : NO
Shift Register Minimum Size        : 2
Use DSP Block                      : Auto
Automatic Register Balancing       : No

---- Target Options
LUT Combining                      : Auto
Reduce Control Sets                : Auto
Add IO Buffers                     : YES
Global Maximum Fanout              : 100000
Add Generic Clock Buffer(BUFG)     : 32
Register Duplication               : YES
Optimize Instantiated Primitives   : NO
Use Clock Enable                   : Auto
Use Synchronous Set                : Auto
Use Synchronous Reset              : Auto
Pack IO Registers into IOBs        : Auto
Equivalent register Removal        : YES

---- General Options
Optimization Goal                  : Speed
Optimization Effort                : 1
Power Reduction                    : NO
Keep Hierarchy                     : No
Netlist Hierarchy                  : As_Optimized
RTL Output                         : Yes
Global Optimization                : AllClockNets
Read Cores                         : YES
Write Timing Constraints           : NO
Cross Clock Analysis               : NO
Hierarchy Separator                : /
Bus Delimiter                      : <>
Case Specifier                     : Maintain
Slice Utilization Ratio            : 100
BRAM Utilization Ratio             : 100
DSP48 Utilization Ratio            : 100
Auto BRAM Packing                  : NO
Slice Utilization Ratio Delta      : 5

=========================================================================


=========================================================================
*                          HDL Parsing                                  *
=========================================================================
Parsing VHDL file "E:\Xilinx\Xilinx\Projects\FullPhase1\MUXPackage.vhd" into library work
Parsing package <MUXPackage>.
Parsing VHDL file "E:\Xilinx\Xilinx\Projects\FullPhase1\MUX.vhd" into library work
Parsing entity <MUX>.
Parsing architecture <Behavioral> of entity <mux>.
Parsing VHDL file "E:\Xilinx\Xilinx\Projects\FullPhase1\FlopRPackage.vhd" into library work
Parsing package <FlopRPackage>.
Parsing VHDL file "E:\Xilinx\Xilinx\Projects\FullPhase1\FlopR.vhd" into library work
Parsing entity <FlopR>.
Parsing architecture <Behavioral> of entity <flopr>.
Parsing VHDL file "E:\Xilinx\Xilinx\Projects\FullPhase1\DecoderPackage.vhd" into library work
Parsing package <DecoderPackage>.
Parsing VHDL file "E:\Xilinx\Xilinx\Projects\FullPhase1\Decoder.vhd" into library work
Parsing entity <Decoder>.
Parsing architecture <Behavioral> of entity <decoder>.
Parsing VHDL file "E:\Xilinx\Xilinx\Projects\FullPhase1\RegisterFile.vhd" into library work
Parsing entity <registerfile>.
Parsing architecture <Behavioral> of entity <registerfile>.

=========================================================================
*                            HDL Elaboration                            *
=========================================================================

Elaborating entity <registerfile> (architecture <Behavioral>) from library <work>.

Elaborating entity <FlopR> (architecture <Behavioral>) from library <work>.

Elaborating entity <MUX> (architecture <Behavioral>) from library <work>.

Elaborating entity <Decoder> (architecture <Behavioral>) from library <work>.

=========================================================================
*                           HDL Synthesis                               *
=========================================================================

Synthesizing Unit <registerfile>.
    Related source file is "E:\Xilinx\Xilinx\Projects\FullPhase1\RegisterFile.vhd".
    Summary:
	no macro.
Unit <registerfile> synthesized.

Synthesizing Unit <FlopR>.
    Related source file is "E:\Xilinx\Xilinx\Projects\FullPhase1\FlopR.vhd".
    Found 32-bit register for signal <Q>.
    Summary:
	inferred  32 D-type flip-flop(s).
Unit <FlopR> synthesized.

Synthesizing Unit <MUX>.
    Related source file is "E:\Xilinx\Xilinx\Projects\FullPhase1\MUX.vhd".
    Found 32-bit register for signal <data>.
    Found 32-bit 32-to-1 multiplexer for signal <data[31]_z0[31]_mux_63_OUT> created at line 53.
    Summary:
	inferred  32 D-type flip-flop(s).
	inferred   1 Multiplexer(s).
Unit <MUX> synthesized.

Synthesizing Unit <Decoder>.
    Related source file is "E:\Xilinx\Xilinx\Projects\FullPhase1\Decoder.vhd".
    Found 32-bit register for signal <at>.
    Found 32-bit register for signal <v0>.
    Found 32-bit register for signal <v1>.
    Found 32-bit register for signal <a0>.
    Found 32-bit register for signal <a1>.
    Found 32-bit register for signal <a2>.
    Found 32-bit register for signal <a3>.
    Found 32-bit register for signal <t0>.
    Found 32-bit register for signal <t1>.
    Found 32-bit register for signal <t2>.
    Found 32-bit register for signal <t3>.
    Found 32-bit register for signal <t4>.
    Found 32-bit register for signal <t5>.
    Found 32-bit register for signal <t6>.
    Found 32-bit register for signal <t7>.
    Found 32-bit register for signal <s0>.
    Found 32-bit register for signal <s1>.
    Found 32-bit register for signal <s2>.
    Found 32-bit register for signal <s3>.
    Found 32-bit register for signal <s4>.
    Found 32-bit register for signal <s5>.
    Found 32-bit register for signal <s6>.
    Found 32-bit register for signal <s7>.
    Found 32-bit register for signal <t8>.
    Found 32-bit register for signal <t9>.
    Found 32-bit register for signal <k0>.
    Found 32-bit register for signal <k1>.
    Found 32-bit register for signal <gp>.
    Found 32-bit register for signal <sp>.
    Found 32-bit register for signal <fp>.
    Found 32-bit register for signal <ra>.
    Found 32-bit register for signal <z0>.
    Summary:
	inferred 1024 D-type flip-flop(s).
Unit <Decoder> synthesized.

=========================================================================
HDL Synthesis Report

Macro Statistics
# Registers                                            : 66
 32-bit register                                       : 66
# Multiplexers                                         : 2
 32-bit 32-to-1 multiplexer                            : 2

=========================================================================

=========================================================================
*                       Advanced HDL Synthesis                          *
=========================================================================


=========================================================================
Advanced HDL Synthesis Report

Macro Statistics
# Registers                                            : 2112
 Flip-Flops                                            : 2112
# Multiplexers                                         : 2
 32-bit 32-to-1 multiplexer                            : 2

=========================================================================

=========================================================================
*                         Low Level Synthesis                           *
=========================================================================

Optimizing unit <registerfile> ...

Optimizing unit <FlopR> ...

Optimizing unit <Decoder> ...

Mapping all equations...
Building and optimizing final netlist ...
Found area constraint ratio of 100 (+ 5) on block registerfile, actual ratio is 5.

Final Macro Processing ...

=========================================================================
Final Register Report

Macro Statistics
# Registers                                            : 2112
 Flip-Flops                                            : 2112

=========================================================================

=========================================================================
*                           Partition Report                            *
=========================================================================

Partition Implementation Status
-------------------------------

  No Partitions were found in this design.

-------------------------------

=========================================================================
*                            Design Summary                             *
=========================================================================

Top Level Output File Name         : registerfile.ngc

Primitive and Black Box Usage:
------------------------------
# BELS                             : 736
#      LUT6                        : 672
#      MUXF7                       : 64
# FlipFlops/Latches                : 2112
#      FD                          : 1088
#      FDE                         : 1024
# Clock Buffers                    : 1
#      BUFGP                       : 1
# IO Buffers                       : 112
#      IBUF                        : 48
#      OBUF                        : 64

Device utilization summary:
---------------------------

Selected Device : 7a100tcsg324-3 


Slice Logic Utilization: 
 Number of Slice Registers:            2112  out of  126800     1%  
 Number of Slice LUTs:                  672  out of  63400     1%  
    Number used as Logic:               672  out of  63400     1%  

Slice Logic Distribution: 
 Number of LUT Flip Flop pairs used:   2720
   Number with an unused Flip Flop:     608  out of   2720    22%  
   Number with an unused LUT:          2048  out of   2720    75%  
   Number of fully used LUT-FF pairs:    64  out of   2720     2%  
   Number of unique control sets:        33

IO Utilization: 
 Number of IOs:                         113
 Number of bonded IOBs:                 113  out of    210    53%  

Specific Feature Utilization:
 Number of BUFG/BUFGCTRL/BUFHCEs:         1  out of    128     0%  

---------------------------
Partition Resource Summary:
---------------------------

  No Partitions were found in this design.

---------------------------


=========================================================================
Timing Report

NOTE: THESE TIMING NUMBERS ARE ONLY A SYNTHESIS ESTIMATE.
      FOR ACCURATE TIMING INFORMATION PLEASE REFER TO THE TRACE REPORT
      GENERATED AFTER PLACE-and-ROUTE.

Clock Information:
------------------
-----------------------------------+------------------------+-------+
Clock Signal                       | Clock buffer(FF name)  | Load  |
-----------------------------------+------------------------+-------+
clk                                | BUFGP                  | 2112  |
-----------------------------------+------------------------+-------+

Asynchronous Control Signals Information:
----------------------------------------
No asynchronous control signals found in this design

Timing Summary:
---------------
Speed Grade: -3

   Minimum period: 1.959ns (Maximum Frequency: 510.517MHz)
   Minimum input arrival time before clock: 1.873ns
   Maximum output required time after clock: 0.640ns
   Maximum combinational path delay: No path found

Timing Details:
---------------
All values displayed in nanoseconds (ns)

=========================================================================
Timing constraint: Default period analysis for Clock 'clk'
  Clock period: 1.959ns (frequency: 510.517MHz)
  Total number of paths / destination ports: 3072 / 1088
-------------------------------------------------------------------------
Delay:               1.959ns (Levels of Logic = 3)
  Source:            k0/Q_31 (FF)
  Destination:       Mux2Map/data_31 (FF)
  Source Clock:      clk rising
  Destination Clock: clk rising

  Data Path: k0/Q_31 to Mux2Map/data_31
                                Gate     Net
    Cell:in->out      fanout   Delay   Delay  Logical Name (Net Name)
    ----------------------------------------  ------------
     FD:C->Q               2   0.361   0.561  k0/Q_31 (k0/Q_31)
     LUT6:I2->O            1   0.097   0.556  Mux2Map/Mmux_data[31]_z0[31]_mux_63_OUT_873 (Mux2Map/Mmux_data[31]_z0[31]_mux_63_OUT_873)
     LUT6:I2->O            1   0.097   0.000  Mux2Map/Mmux_data[31]_z0[31]_mux_63_OUT_324 (Mux2Map/Mmux_data[31]_z0[31]_mux_63_OUT_324)
     MUXF7:I1->O           1   0.279   0.000  Mux2Map/Mmux_data[31]_z0[31]_mux_63_OUT_2_f7_23 (Mux2Map/data[31]_z0[31]_mux_63_OUT<31>)
     FD:D                      0.008          Mux2Map/data_31
    ----------------------------------------
    Total                      1.959ns (0.842ns logic, 1.117ns route)
                                       (43.0% logic, 57.0% route)

=========================================================================
Timing constraint: Default OFFSET IN BEFORE for Clock 'clk'
  Total number of paths / destination ports: 8512 / 2112
-------------------------------------------------------------------------
Offset:              1.873ns (Levels of Logic = 4)
  Source:            read_sel2<1> (PAD)
  Destination:       Mux2Map/data_31 (FF)
  Destination Clock: clk rising

  Data Path: read_sel2<1> to Mux2Map/data_31
                                Gate     Net
    Cell:in->out      fanout   Delay   Delay  Logical Name (Net Name)
    ----------------------------------------  ------------
     IBUF:I->O           256   0.001   0.834  read_sel2_1_IBUF (read_sel2_1_IBUF)
     LUT6:I0->O            1   0.097   0.556  Mux2Map/Mmux_data[31]_z0[31]_mux_63_OUT_81 (Mux2Map/Mmux_data[31]_z0[31]_mux_63_OUT_81)
     LUT6:I2->O            1   0.097   0.000  Mux2Map/Mmux_data[31]_z0[31]_mux_63_OUT_3 (Mux2Map/Mmux_data[31]_z0[31]_mux_63_OUT_3)
     MUXF7:I1->O           1   0.279   0.000  Mux2Map/Mmux_data[31]_z0[31]_mux_63_OUT_2_f7 (Mux2Map/data[31]_z0[31]_mux_63_OUT<0>)
     FD:D                      0.008          Mux2Map/data_0
    ----------------------------------------
    Total                      1.873ns (0.482ns logic, 1.391ns route)
                                       (25.7% logic, 74.3% route)

=========================================================================
Timing constraint: Default OFFSET OUT AFTER for Clock 'clk'
  Total number of paths / destination ports: 64 / 64
-------------------------------------------------------------------------
Offset:              0.640ns (Levels of Logic = 1)
  Source:            Mux1Map/data_31 (FF)
  Destination:       data1<31> (PAD)
  Source Clock:      clk rising

  Data Path: Mux1Map/data_31 to data1<31>
                                Gate     Net
    Cell:in->out      fanout   Delay   Delay  Logical Name (Net Name)
    ----------------------------------------  ------------
     FD:C->Q               1   0.361   0.279  Mux1Map/data_31 (Mux1Map/data_31)
     OBUF:I->O                 0.000          data1_31_OBUF (data1<31>)
    ----------------------------------------
    Total                      0.640ns (0.361ns logic, 0.279ns route)
                                       (56.4% logic, 43.6% route)

=========================================================================

Cross Clock Domains Report:
--------------------------

Clock to Setup on destination clock clk
---------------+---------+---------+---------+---------+
               | Src:Rise| Src:Fall| Src:Rise| Src:Fall|
Source Clock   |Dest:Rise|Dest:Rise|Dest:Fall|Dest:Fall|
---------------+---------+---------+---------+---------+
clk            |    1.959|         |         |         |
---------------+---------+---------+---------+---------+

=========================================================================


Total REAL time to Xst completion: 7.00 secs
Total CPU time to Xst completion: 7.27 secs
 
--> 

Total memory usage is 4697880 kilobytes

Number of errors   :    0 (   0 filtered)
Number of warnings :    0 (   0 filtered)
Number of infos    :    0 (   0 filtered)

