Release 14.5 - xst P.58f (nt64)
Copyright (c) 1995-2012 Xilinx, Inc.  All rights reserved.
--> Parameter TMPDIR set to xst/projnav.tmp


Total REAL time to Xst completion: 0.00 secs
Total CPU time to Xst completion: 0.05 secs
 
--> Parameter xsthdpdir set to xst


Total REAL time to Xst completion: 0.00 secs
Total CPU time to Xst completion: 0.05 secs
 
--> Reading design: ALUControlUnit.prj

TABLE OF CONTENTS
  1) Synthesis Options Summary
  2) HDL Parsing
  3) HDL Elaboration
  4) HDL Synthesis
       4.1) HDL Synthesis Report
  5) Advanced HDL Synthesis
       5.1) Advanced HDL Synthesis Report
  6) Low Level Synthesis
  7) Partition Report
  8) Design Summary
       8.1) Primitive and Black Box Usage
       8.2) Device utilization summary
       8.3) Partition Resource Summary
       8.4) Timing Report
            8.4.1) Clock Information
            8.4.2) Asynchronous Control Signals Information
            8.4.3) Timing Summary
            8.4.4) Timing Details
            8.4.5) Cross Clock Domains Report


=========================================================================
*                      Synthesis Options Summary                        *
=========================================================================
---- Source Parameters
Input File Name                    : "ALUControlUnit.prj"
Ignore Synthesis Constraint File   : NO

---- Target Parameters
Output File Name                   : "ALUControlUnit"
Output Format                      : NGC
Target Device                      : xc7a100t-3-csg324

---- Source Options
Top Module Name                    : ALUControlUnit
Automatic FSM Extraction           : YES
FSM Encoding Algorithm             : Auto
Safe Implementation                : No
FSM Style                          : LUT
RAM Extraction                     : Yes
RAM Style                          : Auto
ROM Extraction                     : Yes
Shift Register Extraction          : YES
ROM Style                          : Auto
Resource Sharing                   : YES
Asynchronous To Synchronous        : NO
Shift Register Minimum Size        : 2
Use DSP Block                      : Auto
Automatic Register Balancing       : No

---- Target Options
LUT Combining                      : Auto
Reduce Control Sets                : Auto
Add IO Buffers                     : YES
Global Maximum Fanout              : 100000
Add Generic Clock Buffer(BUFG)     : 32
Register Duplication               : YES
Optimize Instantiated Primitives   : NO
Use Clock Enable                   : Auto
Use Synchronous Set                : Auto
Use Synchronous Reset              : Auto
Pack IO Registers into IOBs        : Auto
Equivalent register Removal        : YES

---- General Options
Optimization Goal                  : Speed
Optimization Effort                : 1
Power Reduction                    : NO
Keep Hierarchy                     : No
Netlist Hierarchy                  : As_Optimized
RTL Output                         : Yes
Global Optimization                : AllClockNets
Read Cores                         : YES
Write Timing Constraints           : NO
Cross Clock Analysis               : NO
Hierarchy Separator                : /
Bus Delimiter                      : <>
Case Specifier                     : Maintain
Slice Utilization Ratio            : 100
BRAM Utilization Ratio             : 100
DSP48 Utilization Ratio            : 100
Auto BRAM Packing                  : NO
Slice Utilization Ratio Delta      : 5

=========================================================================


=========================================================================
*                          HDL Parsing                                  *
=========================================================================
Parsing VHDL file "E:\Xilinx\Xilinx\Projects\FullPhase1\ALUControlUnit.vhd" into library work
Parsing entity <ALUControlUnit>.
Parsing architecture <Behavioral> of entity <alucontrolunit>.

=========================================================================
*                            HDL Elaboration                            *
=========================================================================

Elaborating entity <ALUControlUnit> (architecture <Behavioral>) from library <work>.

=========================================================================
*                           HDL Synthesis                               *
=========================================================================

Synthesizing Unit <ALUControlUnit>.
    Related source file is "E:\Xilinx\Xilinx\Projects\FullPhase1\ALUControlUnit.vhd".
WARNING:Xst:647 - Input <Inst<25:6>> is never used. This port will be preserved and left unconnected if it belongs to a top-level block or it belongs to a sub-block and the hierarchy of this sub-block is preserved.
WARNING:Xst:737 - Found 1-bit latch for signal <ALUOp<3>>. Latches may be generated from incomplete case or if statements. We do not recommend the use of latches in FPGA/CPLD designs, as they may lead to timing problems.
WARNING:Xst:737 - Found 1-bit latch for signal <ALUOp<2>>. Latches may be generated from incomplete case or if statements. We do not recommend the use of latches in FPGA/CPLD designs, as they may lead to timing problems.
WARNING:Xst:737 - Found 1-bit latch for signal <ALUOp<1>>. Latches may be generated from incomplete case or if statements. We do not recommend the use of latches in FPGA/CPLD designs, as they may lead to timing problems.
WARNING:Xst:737 - Found 1-bit latch for signal <ALUOp<0>>. Latches may be generated from incomplete case or if statements. We do not recommend the use of latches in FPGA/CPLD designs, as they may lead to timing problems.
    Summary:
	inferred   4 Latch(s).
	inferred  27 Multiplexer(s).
Unit <ALUControlUnit> synthesized.

=========================================================================
HDL Synthesis Report

Macro Statistics
# Latches                                              : 4
 1-bit latch                                           : 4
# Multiplexers                                         : 27
 1-bit 2-to-1 multiplexer                              : 27

=========================================================================

=========================================================================
*                       Advanced HDL Synthesis                          *
=========================================================================


=========================================================================
Advanced HDL Synthesis Report

Macro Statistics
# Multiplexers                                         : 27
 1-bit 2-to-1 multiplexer                              : 27

=========================================================================

=========================================================================
*                         Low Level Synthesis                           *
=========================================================================
WARNING:Xst:3001 - This design contains one or more registers or latches with an active
   asynchronous set and asynchronous reset. While this circuit can be built,
   it creates a sub-optimal implementation in terms of area, power and
   performance. For a more optimal implementation Xilinx highly recommends
   one of the following:

          1) Remove either the set or reset from all registers and latches if
             not needed for required functionality
          2) Modify the code in order to produce a synchronous set
             and/or reset (both is preferred)
          3) Use the -async_to_sync option to transform the asynchronous
             set/reset to synchronous operation
             (timing simulation highly recommended when using this option)

  Please refer to http://www.xilinx.com search string "Artix7 asynchronous set/reset" for more details.

  List of register instances with asynchronous set and reset:
    ALUOp_0 in unit <ALUControlUnit>
    ALUOp_1 in unit <ALUControlUnit>
    ALUOp_3 in unit <ALUControlUnit>
    ALUOp_2 in unit <ALUControlUnit>


Optimizing unit <ALUControlUnit> ...

Mapping all equations...
Building and optimizing final netlist ...
Found area constraint ratio of 100 (+ 5) on block ALUControlUnit, actual ratio is 0.

Final Macro Processing ...

=========================================================================
Final Register Report

Found no macro
=========================================================================

=========================================================================
*                           Partition Report                            *
=========================================================================

Partition Implementation Status
-------------------------------

  No Partitions were found in this design.

-------------------------------

=========================================================================
*                            Design Summary                             *
=========================================================================

Top Level Output File Name         : ALUControlUnit.ngc

Primitive and Black Box Usage:
------------------------------
# BELS                             : 30
#      GND                         : 1
#      LUT3                        : 9
#      LUT4                        : 4
#      LUT5                        : 4
#      LUT6                        : 12
# FlipFlops/Latches                : 4
#      LD                          : 4
# IO Buffers                       : 18
#      IBUF                        : 14
#      OBUF                        : 4

Device utilization summary:
---------------------------

Selected Device : 7a100tcsg324-3 


Slice Logic Utilization: 
 Number of Slice LUTs:                   29  out of  63400     0%  
    Number used as Logic:                29  out of  63400     0%  

Slice Logic Distribution: 
 Number of LUT Flip Flop pairs used:     29
   Number with an unused Flip Flop:      29  out of     29   100%  
   Number with an unused LUT:             0  out of     29     0%  
   Number of fully used LUT-FF pairs:     0  out of     29     0%  
   Number of unique control sets:         4

IO Utilization: 
 Number of IOs:                          38
 Number of bonded IOBs:                  18  out of    210     8%  
    IOB Flip Flops/Latches:               4

Specific Feature Utilization:

---------------------------
Partition Resource Summary:
---------------------------

  No Partitions were found in this design.

---------------------------


=========================================================================
Timing Report

NOTE: THESE TIMING NUMBERS ARE ONLY A SYNTHESIS ESTIMATE.
      FOR ACCURATE TIMING INFORMATION PLEASE REFER TO THE TRACE REPORT
      GENERATED AFTER PLACE-and-ROUTE.

Clock Information:
------------------
-----------------------------------+------------------------+-------+
Clock Signal                       | Clock buffer(FF name)  | Load  |
-----------------------------------+------------------------+-------+
ALUOp_2_G(ALUOp_2_G:O)             | NONE(*)(ALUOp_2)       | 1     |
ALUOp_3_G(ALUOp_3_G:O)             | NONE(*)(ALUOp_3)       | 1     |
ALUOp_1_G(ALUOp_1_G:O)             | NONE(*)(ALUOp_1)       | 1     |
ALUOp_0_G(ALUOp_0_G:O)             | NONE(*)(ALUOp_0)       | 1     |
-----------------------------------+------------------------+-------+
(*) These 4 clock signal(s) are generated by combinatorial logic,
and XST is not able to identify which are the primary clock signals.
Please use the CLOCK_SIGNAL constraint to specify the clock signal(s) generated by combinatorial logic.
INFO:Xst:2169 - HDL ADVISOR - Some clock signals were not automatically buffered by XST with BUFG/BUFR resources. Please use the buffer_type constraint in order to insert these buffers to the clock signals to help prevent skew problems.

Asynchronous Control Signals Information:
----------------------------------------
No asynchronous control signals found in this design

Timing Summary:
---------------
Speed Grade: -3

   Minimum period: No path found
   Minimum input arrival time before clock: 3.788ns
   Maximum output required time after clock: 0.751ns
   Maximum combinational path delay: No path found

Timing Details:
---------------
All values displayed in nanoseconds (ns)

=========================================================================
Timing constraint: Default OFFSET IN BEFORE for Clock 'ALUOp_2_G'
  Total number of paths / destination ports: 130 / 1
-------------------------------------------------------------------------
Offset:              3.453ns (Levels of Logic = 6)
  Source:            Inst<3> (PAD)
  Destination:       ALUOp_2 (LATCH)
  Destination Clock: ALUOp_2_G falling

  Data Path: Inst<3> to ALUOp_2
                                Gate     Net
    Cell:in->out      fanout   Delay   Delay  Logical Name (Net Name)
    ----------------------------------------  ------------
     IBUF:I->O             2   0.001   0.688  Inst_3_IBUF (Inst_3_IBUF)
     LUT5:I0->O           14   0.097   0.743  PWR_3_o_PWR_3_o_AND_1_o11 (PWR_3_o_PWR_3_o_AND_1_o1)
     LUT5:I0->O            1   0.097   0.295  PWR_3_o_PWR_3_o_OR_16_o_SW0 (N2)
     LUT6:I5->O            8   0.097   0.725  PWR_3_o_PWR_3_o_OR_16_o (PWR_3_o_PWR_3_o_OR_16_o)
     LUT6:I0->O            2   0.097   0.515  PWR_3_o_GND_3_o_AND_10_o1 (PWR_3_o_GND_3_o_AND_10_o)
     LUT3:I0->O            1   0.097   0.000  ALUOp_2_D (ALUOp_2_D)
     LD:D                     -0.028          ALUOp_2
    ----------------------------------------
    Total                      3.453ns (0.486ns logic, 2.967ns route)
                                       (14.1% logic, 85.9% route)

=========================================================================
Timing constraint: Default OFFSET IN BEFORE for Clock 'ALUOp_3_G'
  Total number of paths / destination ports: 126 / 1
-------------------------------------------------------------------------
Offset:              3.453ns (Levels of Logic = 6)
  Source:            Inst<3> (PAD)
  Destination:       ALUOp_3 (LATCH)
  Destination Clock: ALUOp_3_G falling

  Data Path: Inst<3> to ALUOp_3
                                Gate     Net
    Cell:in->out      fanout   Delay   Delay  Logical Name (Net Name)
    ----------------------------------------  ------------
     IBUF:I->O             2   0.001   0.688  Inst_3_IBUF (Inst_3_IBUF)
     LUT5:I0->O           14   0.097   0.743  PWR_3_o_PWR_3_o_AND_1_o11 (PWR_3_o_PWR_3_o_AND_1_o1)
     LUT5:I0->O            1   0.097   0.295  PWR_3_o_PWR_3_o_OR_16_o_SW0 (N2)
     LUT6:I5->O            8   0.097   0.725  PWR_3_o_PWR_3_o_OR_16_o (PWR_3_o_PWR_3_o_OR_16_o)
     LUT6:I0->O            2   0.097   0.515  PWR_3_o_GND_3_o_AND_8_o1 (PWR_3_o_GND_3_o_AND_8_o)
     LUT3:I0->O            1   0.097   0.000  ALUOp_3_D (ALUOp_3_D)
     LD:D                     -0.028          ALUOp_3
    ----------------------------------------
    Total                      3.453ns (0.486ns logic, 2.967ns route)
                                       (14.1% logic, 85.9% route)

=========================================================================
Timing constraint: Default OFFSET IN BEFORE for Clock 'ALUOp_1_G'
  Total number of paths / destination ports: 136 / 1
-------------------------------------------------------------------------
Offset:              3.788ns (Levels of Logic = 7)
  Source:            Inst<2> (PAD)
  Destination:       ALUOp_1 (LATCH)
  Destination Clock: ALUOp_1_G falling

  Data Path: Inst<2> to ALUOp_1
                                Gate     Net
    Cell:in->out      fanout   Delay   Delay  Logical Name (Net Name)
    ----------------------------------------  ------------
     IBUF:I->O            12   0.001   0.562  Inst_2_IBUF (Inst_2_IBUF)
     LUT3:I0->O            4   0.097   0.697  PWR_3_o_PWR_3_o_AND_5_o11 (PWR_3_o_PWR_3_o_AND_5_o1)
     LUT6:I1->O            6   0.097   0.579  PWR_3_o_PWR_3_o_AND_5_o1 (PWR_3_o_PWR_3_o_AND_5_o)
     LUT4:I0->O            1   0.097   0.295  Mmux_GND_3_o_GND_3_o_MUX_34_o113_SW0 (N6)
     LUT6:I5->O            2   0.097   0.688  Mmux_GND_3_o_GND_3_o_MUX_34_o113 (Mmux_GND_3_o_GND_3_o_MUX_34_o11)
     LUT5:I0->O            2   0.097   0.383  PWR_3_o_GND_3_o_AND_11_o1 (PWR_3_o_GND_3_o_AND_11_o)
     LUT3:I1->O            1   0.097   0.000  ALUOp_1_D (ALUOp_1_D)
     LD:D                     -0.028          ALUOp_1
    ----------------------------------------
    Total                      3.788ns (0.583ns logic, 3.205ns route)
                                       (15.4% logic, 84.6% route)

=========================================================================
Timing constraint: Default OFFSET IN BEFORE for Clock 'ALUOp_0_G'
  Total number of paths / destination ports: 122 / 1
-------------------------------------------------------------------------
Offset:              3.542ns (Levels of Logic = 6)
  Source:            Inst<2> (PAD)
  Destination:       ALUOp_0 (LATCH)
  Destination Clock: ALUOp_0_G falling

  Data Path: Inst<2> to ALUOp_0
                                Gate     Net
    Cell:in->out      fanout   Delay   Delay  Logical Name (Net Name)
    ----------------------------------------  ------------
     IBUF:I->O            12   0.001   0.562  Inst_2_IBUF (Inst_2_IBUF)
     LUT3:I0->O            4   0.097   0.697  PWR_3_o_PWR_3_o_AND_5_o11 (PWR_3_o_PWR_3_o_AND_5_o1)
     LUT6:I1->O            6   0.097   0.716  PWR_3_o_PWR_3_o_AND_5_o1 (PWR_3_o_PWR_3_o_AND_5_o)
     LUT6:I0->O            2   0.097   0.697  Mmux_PWR_3_o_GND_3_o_MUX_44_o125 (Mmux_PWR_3_o_GND_3_o_MUX_44_o12)
     LUT6:I0->O            2   0.097   0.383  PWR_3_o_PWR_3_o_AND_13_o1 (PWR_3_o_PWR_3_o_AND_13_o)
     LUT3:I1->O            1   0.097   0.000  ALUOp_0_D (ALUOp_0_D)
     LD:D                     -0.028          ALUOp_0
    ----------------------------------------
    Total                      3.542ns (0.486ns logic, 3.056ns route)
                                       (13.7% logic, 86.3% route)

=========================================================================
Timing constraint: Default OFFSET OUT AFTER for Clock 'ALUOp_3_G'
  Total number of paths / destination ports: 1 / 1
-------------------------------------------------------------------------
Offset:              0.751ns (Levels of Logic = 1)
  Source:            ALUOp_3 (LATCH)
  Destination:       ALUOp<3> (PAD)
  Source Clock:      ALUOp_3_G falling

  Data Path: ALUOp_3 to ALUOp<3>
                                Gate     Net
    Cell:in->out      fanout   Delay   Delay  Logical Name (Net Name)
    ----------------------------------------  ------------
     LD:G->Q               1   0.472   0.279  ALUOp_3 (ALUOp_3)
     OBUF:I->O                 0.000          ALUOp_3_OBUF (ALUOp<3>)
    ----------------------------------------
    Total                      0.751ns (0.472ns logic, 0.279ns route)
                                       (62.8% logic, 37.2% route)

=========================================================================
Timing constraint: Default OFFSET OUT AFTER for Clock 'ALUOp_2_G'
  Total number of paths / destination ports: 1 / 1
-------------------------------------------------------------------------
Offset:              0.751ns (Levels of Logic = 1)
  Source:            ALUOp_2 (LATCH)
  Destination:       ALUOp<2> (PAD)
  Source Clock:      ALUOp_2_G falling

  Data Path: ALUOp_2 to ALUOp<2>
                                Gate     Net
    Cell:in->out      fanout   Delay   Delay  Logical Name (Net Name)
    ----------------------------------------  ------------
     LD:G->Q               1   0.472   0.279  ALUOp_2 (ALUOp_2)
     OBUF:I->O                 0.000          ALUOp_2_OBUF (ALUOp<2>)
    ----------------------------------------
    Total                      0.751ns (0.472ns logic, 0.279ns route)
                                       (62.8% logic, 37.2% route)

=========================================================================
Timing constraint: Default OFFSET OUT AFTER for Clock 'ALUOp_1_G'
  Total number of paths / destination ports: 1 / 1
-------------------------------------------------------------------------
Offset:              0.751ns (Levels of Logic = 1)
  Source:            ALUOp_1 (LATCH)
  Destination:       ALUOp<1> (PAD)
  Source Clock:      ALUOp_1_G falling

  Data Path: ALUOp_1 to ALUOp<1>
                                Gate     Net
    Cell:in->out      fanout   Delay   Delay  Logical Name (Net Name)
    ----------------------------------------  ------------
     LD:G->Q               1   0.472   0.279  ALUOp_1 (ALUOp_1)
     OBUF:I->O                 0.000          ALUOp_1_OBUF (ALUOp<1>)
    ----------------------------------------
    Total                      0.751ns (0.472ns logic, 0.279ns route)
                                       (62.8% logic, 37.2% route)

=========================================================================
Timing constraint: Default OFFSET OUT AFTER for Clock 'ALUOp_0_G'
  Total number of paths / destination ports: 1 / 1
-------------------------------------------------------------------------
Offset:              0.751ns (Levels of Logic = 1)
  Source:            ALUOp_0 (LATCH)
  Destination:       ALUOp<0> (PAD)
  Source Clock:      ALUOp_0_G falling

  Data Path: ALUOp_0 to ALUOp<0>
                                Gate     Net
    Cell:in->out      fanout   Delay   Delay  Logical Name (Net Name)
    ----------------------------------------  ------------
     LD:G->Q               1   0.472   0.279  ALUOp_0 (ALUOp_0)
     OBUF:I->O                 0.000          ALUOp_0_OBUF (ALUOp<0>)
    ----------------------------------------
    Total                      0.751ns (0.472ns logic, 0.279ns route)
                                       (62.8% logic, 37.2% route)

=========================================================================

Cross Clock Domains Report:
--------------------------

=========================================================================


Total REAL time to Xst completion: 5.00 secs
Total CPU time to Xst completion: 4.40 secs
 
--> 

Total memory usage is 4674840 kilobytes

Number of errors   :    0 (   0 filtered)
Number of warnings :    6 (   0 filtered)
Number of infos    :    1 (   0 filtered)

