Release 14.5 - xst P.58f (nt64)
Copyright (c) 1995-2012 Xilinx, Inc.  All rights reserved.
--> Parameter TMPDIR set to xst/projnav.tmp


Total REAL time to Xst completion: 0.00 secs
Total CPU time to Xst completion: 0.04 secs
 
--> Parameter xsthdpdir set to xst


Total REAL time to Xst completion: 0.00 secs
Total CPU time to Xst completion: 0.04 secs
 
--> Reading design: ControlUnit.prj

TABLE OF CONTENTS
  1) Synthesis Options Summary
  2) HDL Parsing
  3) HDL Elaboration
  4) HDL Synthesis
       4.1) HDL Synthesis Report
  5) Advanced HDL Synthesis
       5.1) Advanced HDL Synthesis Report
  6) Low Level Synthesis
  7) Partition Report
  8) Design Summary
       8.1) Primitive and Black Box Usage
       8.2) Device utilization summary
       8.3) Partition Resource Summary
       8.4) Timing Report
            8.4.1) Clock Information
            8.4.2) Asynchronous Control Signals Information
            8.4.3) Timing Summary
            8.4.4) Timing Details
            8.4.5) Cross Clock Domains Report


=========================================================================
*                      Synthesis Options Summary                        *
=========================================================================
---- Source Parameters
Input File Name                    : "ControlUnit.prj"
Ignore Synthesis Constraint File   : NO

---- Target Parameters
Output File Name                   : "ControlUnit"
Output Format                      : NGC
Target Device                      : xc7a100t-3-csg324

---- Source Options
Top Module Name                    : ControlUnit
Automatic FSM Extraction           : YES
FSM Encoding Algorithm             : Auto
Safe Implementation                : No
FSM Style                          : LUT
RAM Extraction                     : Yes
RAM Style                          : Auto
ROM Extraction                     : Yes
Shift Register Extraction          : YES
ROM Style                          : Auto
Resource Sharing                   : YES
Asynchronous To Synchronous        : NO
Shift Register Minimum Size        : 2
Use DSP Block                      : Auto
Automatic Register Balancing       : No

---- Target Options
LUT Combining                      : Auto
Reduce Control Sets                : Auto
Add IO Buffers                     : YES
Global Maximum Fanout              : 100000
Add Generic Clock Buffer(BUFG)     : 32
Register Duplication               : YES
Optimize Instantiated Primitives   : NO
Use Clock Enable                   : Auto
Use Synchronous Set                : Auto
Use Synchronous Reset              : Auto
Pack IO Registers into IOBs        : Auto
Equivalent register Removal        : YES

---- General Options
Optimization Goal                  : Speed
Optimization Effort                : 1
Power Reduction                    : NO
Keep Hierarchy                     : No
Netlist Hierarchy                  : As_Optimized
RTL Output                         : Yes
Global Optimization                : AllClockNets
Read Cores                         : YES
Write Timing Constraints           : NO
Cross Clock Analysis               : NO
Hierarchy Separator                : /
Bus Delimiter                      : <>
Case Specifier                     : Maintain
Slice Utilization Ratio            : 100
BRAM Utilization Ratio             : 100
DSP48 Utilization Ratio            : 100
Auto BRAM Packing                  : NO
Slice Utilization Ratio Delta      : 5

=========================================================================


=========================================================================
*                          HDL Parsing                                  *
=========================================================================
Parsing VHDL file "E:\Xilinx\Xilinx\Projects\FullPhase1\ControlUnit.vhd" into library work
Parsing entity <ControlUnit>.
Parsing architecture <Behavioral> of entity <controlunit>.

=========================================================================
*                            HDL Elaboration                            *
=========================================================================

Elaborating entity <ControlUnit> (architecture <Behavioral>) from library <work>.

=========================================================================
*                           HDL Synthesis                               *
=========================================================================

Synthesizing Unit <ControlUnit>.
    Related source file is "E:\Xilinx\Xilinx\Projects\FullPhase1\ControlUnit.vhd".
WARNING:Xst:647 - Input <Inst<25:0>> is never used. This port will be preserved and left unconnected if it belongs to a top-level block or it belongs to a sub-block and the hierarchy of this sub-block is preserved.
WARNING:Xst:647 - Input <Clk> is never used. This port will be preserved and left unconnected if it belongs to a top-level block or it belongs to a sub-block and the hierarchy of this sub-block is preserved.
WARNING:Xst:737 - Found 1-bit latch for signal <RegDst>. Latches may be generated from incomplete case or if statements. We do not recommend the use of latches in FPGA/CPLD designs, as they may lead to timing problems.
WARNING:Xst:737 - Found 1-bit latch for signal <Jump>. Latches may be generated from incomplete case or if statements. We do not recommend the use of latches in FPGA/CPLD designs, as they may lead to timing problems.
WARNING:Xst:737 - Found 1-bit latch for signal <Branch>. Latches may be generated from incomplete case or if statements. We do not recommend the use of latches in FPGA/CPLD designs, as they may lead to timing problems.
WARNING:Xst:737 - Found 1-bit latch for signal <MemRead>. Latches may be generated from incomplete case or if statements. We do not recommend the use of latches in FPGA/CPLD designs, as they may lead to timing problems.
WARNING:Xst:737 - Found 1-bit latch for signal <ALUControl<1>>. Latches may be generated from incomplete case or if statements. We do not recommend the use of latches in FPGA/CPLD designs, as they may lead to timing problems.
WARNING:Xst:737 - Found 1-bit latch for signal <ALUControl<0>>. Latches may be generated from incomplete case or if statements. We do not recommend the use of latches in FPGA/CPLD designs, as they may lead to timing problems.
WARNING:Xst:737 - Found 1-bit latch for signal <MemWrite>. Latches may be generated from incomplete case or if statements. We do not recommend the use of latches in FPGA/CPLD designs, as they may lead to timing problems.
WARNING:Xst:737 - Found 1-bit latch for signal <ALUSrc>. Latches may be generated from incomplete case or if statements. We do not recommend the use of latches in FPGA/CPLD designs, as they may lead to timing problems.
WARNING:Xst:737 - Found 1-bit latch for signal <RegWrite>. Latches may be generated from incomplete case or if statements. We do not recommend the use of latches in FPGA/CPLD designs, as they may lead to timing problems.
    Summary:
	inferred   9 Latch(s).
	inferred  26 Multiplexer(s).
Unit <ControlUnit> synthesized.

=========================================================================
HDL Synthesis Report

Macro Statistics
# Latches                                              : 9
 1-bit latch                                           : 9
# Multiplexers                                         : 26
 1-bit 2-to-1 multiplexer                              : 26

=========================================================================

=========================================================================
*                       Advanced HDL Synthesis                          *
=========================================================================


=========================================================================
Advanced HDL Synthesis Report

Macro Statistics
# Multiplexers                                         : 26
 1-bit 2-to-1 multiplexer                              : 26

=========================================================================

=========================================================================
*                         Low Level Synthesis                           *
=========================================================================
WARNING:Xst:1710 - FF/Latch <MemWrite> (without init value) has a constant value of 0 in block <ControlUnit>. This FF/Latch will be trimmed during the optimization process.
WARNING:Xst:3001 - This design contains one or more registers or latches with an active
   asynchronous set and asynchronous reset. While this circuit can be built,
   it creates a sub-optimal implementation in terms of area, power and
   performance. For a more optimal implementation Xilinx highly recommends
   one of the following:

          1) Remove either the set or reset from all registers and latches if
             not needed for required functionality
          2) Modify the code in order to produce a synchronous set
             and/or reset (both is preferred)
          3) Use the -async_to_sync option to transform the asynchronous
             set/reset to synchronous operation
             (timing simulation highly recommended when using this option)

  Please refer to http://www.xilinx.com search string "Artix7 asynchronous set/reset" for more details.

  List of register instances with asynchronous set and reset:
    RegWrite in unit <ControlUnit>
    ALUSrc in unit <ControlUnit>
    ALUControl_0 in unit <ControlUnit>
    ALUControl_1 in unit <ControlUnit>
    Branch in unit <ControlUnit>
    Jump in unit <ControlUnit>
    RegDst in unit <ControlUnit>
    MemRead in unit <ControlUnit>


Optimizing unit <ControlUnit> ...

Mapping all equations...
Building and optimizing final netlist ...
Found area constraint ratio of 100 (+ 5) on block ControlUnit, actual ratio is 0.
Latch MemRead has been replicated 1 time(s) to handle iob=true attribute.

Final Macro Processing ...

=========================================================================
Final Register Report

Found no macro
=========================================================================

=========================================================================
*                           Partition Report                            *
=========================================================================

Partition Implementation Status
-------------------------------

  No Partitions were found in this design.

-------------------------------

=========================================================================
*                            Design Summary                             *
=========================================================================

Top Level Output File Name         : ControlUnit.ngc

Primitive and Black Box Usage:
------------------------------
# BELS                             : 34
#      GND                         : 1
#      LUT2                        : 1
#      LUT3                        : 17
#      LUT5                        : 3
#      LUT6                        : 12
# FlipFlops/Latches                : 9
#      LD                          : 9
# IO Buffers                       : 16
#      IBUF                        : 6
#      OBUF                        : 10

Device utilization summary:
---------------------------

Selected Device : 7a100tcsg324-3 


Slice Logic Utilization: 
 Number of Slice LUTs:                   33  out of  63400     0%  
    Number used as Logic:                33  out of  63400     0%  

Slice Logic Distribution: 
 Number of LUT Flip Flop pairs used:     33
   Number with an unused Flip Flop:      33  out of     33   100%  
   Number with an unused LUT:             0  out of     33     0%  
   Number of fully used LUT-FF pairs:     0  out of     33     0%  
   Number of unique control sets:         8

IO Utilization: 
 Number of IOs:                          43
 Number of bonded IOBs:                  16  out of    210     7%  
    IOB Flip Flops/Latches:               9

Specific Feature Utilization:

---------------------------
Partition Resource Summary:
---------------------------

  No Partitions were found in this design.

---------------------------


=========================================================================
Timing Report

NOTE: THESE TIMING NUMBERS ARE ONLY A SYNTHESIS ESTIMATE.
      FOR ACCURATE TIMING INFORMATION PLEASE REFER TO THE TRACE REPORT
      GENERATED AFTER PLACE-and-ROUTE.

Clock Information:
------------------
-----------------------------------+------------------------+-------+
Clock Signal                       | Clock buffer(FF name)  | Load  |
-----------------------------------+------------------------+-------+
MemRead_G(MemRead_G:O)             | NONE(*)(MemRead)       | 2     |
RegDst_G(RegDst_G:O)               | NONE(*)(RegDst)        | 1     |
Jump_G(Jump_G:O)                   | NONE(*)(Jump)          | 1     |
Branch_G(Branch_G:O)               | NONE(*)(Branch)        | 1     |
ALUControl_1_G(ALUControl_1_G:O)   | NONE(*)(ALUControl_1)  | 1     |
ALUControl_0_G(ALUControl_0_G:O)   | NONE(*)(ALUControl_0)  | 1     |
ALUSrc_G(ALUSrc_G:O)               | NONE(*)(ALUSrc)        | 1     |
RegWrite_G(RegWrite_G:O)           | NONE(*)(RegWrite)      | 1     |
-----------------------------------+------------------------+-------+
(*) These 8 clock signal(s) are generated by combinatorial logic,
and XST is not able to identify which are the primary clock signals.
Please use the CLOCK_SIGNAL constraint to specify the clock signal(s) generated by combinatorial logic.
INFO:Xst:2169 - HDL ADVISOR - Some clock signals were not automatically buffered by XST with BUFG/BUFR resources. Please use the buffer_type constraint in order to insert these buffers to the clock signals to help prevent skew problems.

Asynchronous Control Signals Information:
----------------------------------------
No asynchronous control signals found in this design

Timing Summary:
---------------
Speed Grade: -3

   Minimum period: No path found
   Minimum input arrival time before clock: 2.076ns
   Maximum output required time after clock: 0.751ns
   Maximum combinational path delay: No path found

Timing Details:
---------------
All values displayed in nanoseconds (ns)

=========================================================================
Timing constraint: Default OFFSET IN BEFORE for Clock 'MemRead_G'
  Total number of paths / destination ports: 24 / 2
-------------------------------------------------------------------------
Offset:              1.454ns (Levels of Logic = 3)
  Source:            Inst<30> (PAD)
  Destination:       MemRead (LATCH)
  Destination Clock: MemRead_G falling

  Data Path: Inst<30> to MemRead
                                Gate     Net
    Cell:in->out      fanout   Delay   Delay  Logical Name (Net Name)
    ----------------------------------------  ------------
     IBUF:I->O            12   0.001   0.744  Inst_30_IBUF (Inst_30_IBUF)
     LUT6:I0->O            2   0.097   0.515  GND_3_o_GND_3_o_AND_8_o1 (GND_3_o_GND_3_o_AND_8_o)
     LUT3:I0->O            2   0.097   0.000  MemRead_D (MemRead_D)
     LD:D                     -0.028          MemRead
    ----------------------------------------
    Total                      1.454ns (0.195ns logic, 1.259ns route)
                                       (13.4% logic, 86.6% route)

=========================================================================
Timing constraint: Default OFFSET IN BEFORE for Clock 'RegDst_G'
  Total number of paths / destination ports: 24 / 1
-------------------------------------------------------------------------
Offset:              2.076ns (Levels of Logic = 4)
  Source:            Inst<27> (PAD)
  Destination:       RegDst (LATCH)
  Destination Clock: RegDst_G falling

  Data Path: Inst<27> to RegDst
                                Gate     Net
    Cell:in->out      fanout   Delay   Delay  Logical Name (Net Name)
    ----------------------------------------  ------------
     IBUF:I->O            12   0.001   0.562  Inst_27_IBUF (Inst_27_IBUF)
     LUT3:I0->O            4   0.097   0.707  GND_3_o_PWR_3_o_AND_19_o211 (GND_3_o_GND_3_o_AND_4_o2)
     LUT6:I0->O            2   0.097   0.515  GND_3_o_GND_3_o_AND_2_o1 (GND_3_o_GND_3_o_AND_2_o)
     LUT3:I0->O            1   0.097   0.000  RegDst_D (RegDst_D)
     LD:D                     -0.028          RegDst
    ----------------------------------------
    Total                      2.076ns (0.292ns logic, 1.784ns route)
                                       (14.1% logic, 85.9% route)

=========================================================================
Timing constraint: Default OFFSET IN BEFORE for Clock 'Jump_G'
  Total number of paths / destination ports: 12 / 1
-------------------------------------------------------------------------
Offset:              1.454ns (Levels of Logic = 3)
  Source:            Inst<30> (PAD)
  Destination:       Jump (LATCH)
  Destination Clock: Jump_G falling

  Data Path: Inst<30> to Jump
                                Gate     Net
    Cell:in->out      fanout   Delay   Delay  Logical Name (Net Name)
    ----------------------------------------  ------------
     IBUF:I->O            12   0.001   0.744  Inst_30_IBUF (Inst_30_IBUF)
     LUT6:I0->O            2   0.097   0.515  GND_3_o_GND_3_o_AND_4_o1 (GND_3_o_GND_3_o_AND_4_o)
     LUT3:I0->O            1   0.097   0.000  Jump_D (Jump_D)
     LD:D                     -0.028          Jump
    ----------------------------------------
    Total                      1.454ns (0.195ns logic, 1.259ns route)
                                       (13.4% logic, 86.6% route)

=========================================================================
Timing constraint: Default OFFSET IN BEFORE for Clock 'Branch_G'
  Total number of paths / destination ports: 18 / 1
-------------------------------------------------------------------------
Offset:              2.066ns (Levels of Logic = 4)
  Source:            Inst<27> (PAD)
  Destination:       Branch (LATCH)
  Destination Clock: Branch_G falling

  Data Path: Inst<27> to Branch
                                Gate     Net
    Cell:in->out      fanout   Delay   Delay  Logical Name (Net Name)
    ----------------------------------------  ------------
     IBUF:I->O            12   0.001   0.562  Inst_27_IBUF (Inst_27_IBUF)
     LUT3:I0->O            4   0.097   0.697  GND_3_o_PWR_3_o_AND_19_o211 (GND_3_o_GND_3_o_AND_4_o2)
     LUT5:I0->O            2   0.097   0.515  GND_3_o_GND_3_o_AND_6_o1 (GND_3_o_GND_3_o_AND_6_o)
     LUT3:I0->O            1   0.097   0.000  Branch_D (Branch_D)
     LD:D                     -0.028          Branch
    ----------------------------------------
    Total                      2.066ns (0.292ns logic, 1.774ns route)
                                       (14.1% logic, 85.9% route)

=========================================================================
Timing constraint: Default OFFSET IN BEFORE for Clock 'ALUControl_1_G'
  Total number of paths / destination ports: 18 / 1
-------------------------------------------------------------------------
Offset:              1.954ns (Levels of Logic = 4)
  Source:            Inst<31> (PAD)
  Destination:       ALUControl_1 (LATCH)
  Destination Clock: ALUControl_1_G falling

  Data Path: Inst<31> to ALUControl_1
                                Gate     Net
    Cell:in->out      fanout   Delay   Delay  Logical Name (Net Name)
    ----------------------------------------  ------------
     IBUF:I->O            12   0.001   0.744  Inst_31_IBUF (Inst_31_IBUF)
     LUT6:I0->O            6   0.097   0.402  GND_3_o_GND_3_o_AND_7_o1 (GND_3_o_GND_3_o_AND_7_o)
     LUT2:I0->O            2   0.097   0.515  GND_3_o_PWR_3_o_AND_12_o1 (GND_3_o_PWR_3_o_AND_12_o)
     LUT3:I0->O            1   0.097   0.000  ALUControl_1_D (ALUControl_1_D)
     LD:D                     -0.028          ALUControl_1
    ----------------------------------------
    Total                      1.954ns (0.292ns logic, 1.662ns route)
                                       (14.9% logic, 85.1% route)

=========================================================================
Timing constraint: Default OFFSET IN BEFORE for Clock 'ALUControl_0_G'
  Total number of paths / destination ports: 12 / 1
-------------------------------------------------------------------------
Offset:              1.464ns (Levels of Logic = 3)
  Source:            Inst<29> (PAD)
  Destination:       ALUControl_0 (LATCH)
  Destination Clock: ALUControl_0_G falling

  Data Path: Inst<29> to ALUControl_0
                                Gate     Net
    Cell:in->out      fanout   Delay   Delay  Logical Name (Net Name)
    ----------------------------------------  ------------
     IBUF:I->O            15   0.001   0.748  Inst_29_IBUF (Inst_29_IBUF)
     LUT6:I1->O            3   0.097   0.521  GND_3_o_PWR_3_o_AND_14_o1 (GND_3_o_PWR_3_o_AND_14_o)
     LUT3:I0->O            1   0.097   0.000  ALUControl_0_D (ALUControl_0_D)
     LD:D                     -0.028          ALUControl_0
    ----------------------------------------
    Total                      1.464ns (0.195ns logic, 1.269ns route)
                                       (13.3% logic, 86.7% route)

=========================================================================
Timing constraint: Default OFFSET IN BEFORE for Clock 'ALUSrc_G'
  Total number of paths / destination ports: 18 / 1
-------------------------------------------------------------------------
Offset:              1.934ns (Levels of Logic = 4)
  Source:            Inst<27> (PAD)
  Destination:       ALUSrc (LATCH)
  Destination Clock: ALUSrc_G falling

  Data Path: Inst<27> to ALUSrc
                                Gate     Net
    Cell:in->out      fanout   Delay   Delay  Logical Name (Net Name)
    ----------------------------------------  ------------
     IBUF:I->O            12   0.001   0.562  Inst_27_IBUF (Inst_27_IBUF)
     LUT3:I0->O            4   0.097   0.697  GND_3_o_PWR_3_o_AND_19_o211 (GND_3_o_GND_3_o_AND_4_o2)
     LUT5:I0->O            2   0.097   0.383  GND_3_o_PWR_3_o_AND_17_o1 (GND_3_o_PWR_3_o_AND_17_o)
     LUT3:I1->O            1   0.097   0.000  ALUSrc_D (ALUSrc_D)
     LD:D                     -0.028          ALUSrc
    ----------------------------------------
    Total                      1.934ns (0.292ns logic, 1.642ns route)
                                       (15.1% logic, 84.9% route)

=========================================================================
Timing constraint: Default OFFSET IN BEFORE for Clock 'RegWrite_G'
  Total number of paths / destination ports: 18 / 1
-------------------------------------------------------------------------
Offset:              1.934ns (Levels of Logic = 4)
  Source:            Inst<27> (PAD)
  Destination:       RegWrite (LATCH)
  Destination Clock: RegWrite_G falling

  Data Path: Inst<27> to RegWrite
                                Gate     Net
    Cell:in->out      fanout   Delay   Delay  Logical Name (Net Name)
    ----------------------------------------  ------------
     IBUF:I->O            12   0.001   0.562  Inst_27_IBUF (Inst_27_IBUF)
     LUT3:I0->O            4   0.097   0.697  GND_3_o_PWR_3_o_AND_19_o211 (GND_3_o_GND_3_o_AND_4_o2)
     LUT5:I0->O            2   0.097   0.383  GND_3_o_PWR_3_o_AND_19_o1 (GND_3_o_PWR_3_o_AND_19_o)
     LUT3:I1->O            1   0.097   0.000  RegWrite_D (RegWrite_D)
     LD:D                     -0.028          RegWrite
    ----------------------------------------
    Total                      1.934ns (0.292ns logic, 1.642ns route)
                                       (15.1% logic, 84.9% route)

=========================================================================
Timing constraint: Default OFFSET OUT AFTER for Clock 'ALUControl_1_G'
  Total number of paths / destination ports: 1 / 1
-------------------------------------------------------------------------
Offset:              0.751ns (Levels of Logic = 1)
  Source:            ALUControl_1 (LATCH)
  Destination:       ALUControl<1> (PAD)
  Source Clock:      ALUControl_1_G falling

  Data Path: ALUControl_1 to ALUControl<1>
                                Gate     Net
    Cell:in->out      fanout   Delay   Delay  Logical Name (Net Name)
    ----------------------------------------  ------------
     LD:G->Q               1   0.472   0.279  ALUControl_1 (ALUControl_1)
     OBUF:I->O                 0.000          ALUControl_1_OBUF (ALUControl<1>)
    ----------------------------------------
    Total                      0.751ns (0.472ns logic, 0.279ns route)
                                       (62.8% logic, 37.2% route)

=========================================================================
Timing constraint: Default OFFSET OUT AFTER for Clock 'ALUControl_0_G'
  Total number of paths / destination ports: 1 / 1
-------------------------------------------------------------------------
Offset:              0.751ns (Levels of Logic = 1)
  Source:            ALUControl_0 (LATCH)
  Destination:       ALUControl<0> (PAD)
  Source Clock:      ALUControl_0_G falling

  Data Path: ALUControl_0 to ALUControl<0>
                                Gate     Net
    Cell:in->out      fanout   Delay   Delay  Logical Name (Net Name)
    ----------------------------------------  ------------
     LD:G->Q               1   0.472   0.279  ALUControl_0 (ALUControl_0)
     OBUF:I->O                 0.000          ALUControl_0_OBUF (ALUControl<0>)
    ----------------------------------------
    Total                      0.751ns (0.472ns logic, 0.279ns route)
                                       (62.8% logic, 37.2% route)

=========================================================================
Timing constraint: Default OFFSET OUT AFTER for Clock 'RegDst_G'
  Total number of paths / destination ports: 1 / 1
-------------------------------------------------------------------------
Offset:              0.751ns (Levels of Logic = 1)
  Source:            RegDst (LATCH)
  Destination:       RegDst (PAD)
  Source Clock:      RegDst_G falling

  Data Path: RegDst to RegDst
                                Gate     Net
    Cell:in->out      fanout   Delay   Delay  Logical Name (Net Name)
    ----------------------------------------  ------------
     LD:G->Q               1   0.472   0.279  RegDst (RegDst_OBUF)
     OBUF:I->O                 0.000          RegDst_OBUF (RegDst)
    ----------------------------------------
    Total                      0.751ns (0.472ns logic, 0.279ns route)
                                       (62.8% logic, 37.2% route)

=========================================================================
Timing constraint: Default OFFSET OUT AFTER for Clock 'Jump_G'
  Total number of paths / destination ports: 1 / 1
-------------------------------------------------------------------------
Offset:              0.751ns (Levels of Logic = 1)
  Source:            Jump (LATCH)
  Destination:       Jump (PAD)
  Source Clock:      Jump_G falling

  Data Path: Jump to Jump
                                Gate     Net
    Cell:in->out      fanout   Delay   Delay  Logical Name (Net Name)
    ----------------------------------------  ------------
     LD:G->Q               1   0.472   0.279  Jump (Jump_OBUF)
     OBUF:I->O                 0.000          Jump_OBUF (Jump)
    ----------------------------------------
    Total                      0.751ns (0.472ns logic, 0.279ns route)
                                       (62.8% logic, 37.2% route)

=========================================================================
Timing constraint: Default OFFSET OUT AFTER for Clock 'Branch_G'
  Total number of paths / destination ports: 1 / 1
-------------------------------------------------------------------------
Offset:              0.751ns (Levels of Logic = 1)
  Source:            Branch (LATCH)
  Destination:       Branch (PAD)
  Source Clock:      Branch_G falling

  Data Path: Branch to Branch
                                Gate     Net
    Cell:in->out      fanout   Delay   Delay  Logical Name (Net Name)
    ----------------------------------------  ------------
     LD:G->Q               1   0.472   0.279  Branch (Branch_OBUF)
     OBUF:I->O                 0.000          Branch_OBUF (Branch)
    ----------------------------------------
    Total                      0.751ns (0.472ns logic, 0.279ns route)
                                       (62.8% logic, 37.2% route)

=========================================================================
Timing constraint: Default OFFSET OUT AFTER for Clock 'MemRead_G'
  Total number of paths / destination ports: 2 / 2
-------------------------------------------------------------------------
Offset:              0.751ns (Levels of Logic = 1)
  Source:            MemRead_1 (LATCH)
  Destination:       MemRead (PAD)
  Source Clock:      MemRead_G falling

  Data Path: MemRead_1 to MemRead
                                Gate     Net
    Cell:in->out      fanout   Delay   Delay  Logical Name (Net Name)
    ----------------------------------------  ------------
     LD:G->Q               1   0.472   0.279  MemRead_1 (MemRead_1)
     OBUF:I->O                 0.000          MemRead_OBUF (MemRead)
    ----------------------------------------
    Total                      0.751ns (0.472ns logic, 0.279ns route)
                                       (62.8% logic, 37.2% route)

=========================================================================
Timing constraint: Default OFFSET OUT AFTER for Clock 'ALUSrc_G'
  Total number of paths / destination ports: 1 / 1
-------------------------------------------------------------------------
Offset:              0.751ns (Levels of Logic = 1)
  Source:            ALUSrc (LATCH)
  Destination:       ALUSrc (PAD)
  Source Clock:      ALUSrc_G falling

  Data Path: ALUSrc to ALUSrc
                                Gate     Net
    Cell:in->out      fanout   Delay   Delay  Logical Name (Net Name)
    ----------------------------------------  ------------
     LD:G->Q               1   0.472   0.279  ALUSrc (ALUSrc_OBUF)
     OBUF:I->O                 0.000          ALUSrc_OBUF (ALUSrc)
    ----------------------------------------
    Total                      0.751ns (0.472ns logic, 0.279ns route)
                                       (62.8% logic, 37.2% route)

=========================================================================
Timing constraint: Default OFFSET OUT AFTER for Clock 'RegWrite_G'
  Total number of paths / destination ports: 1 / 1
-------------------------------------------------------------------------
Offset:              0.751ns (Levels of Logic = 1)
  Source:            RegWrite (LATCH)
  Destination:       RegWrite (PAD)
  Source Clock:      RegWrite_G falling

  Data Path: RegWrite to RegWrite
                                Gate     Net
    Cell:in->out      fanout   Delay   Delay  Logical Name (Net Name)
    ----------------------------------------  ------------
     LD:G->Q               1   0.472   0.279  RegWrite (RegWrite_OBUF)
     OBUF:I->O                 0.000          RegWrite_OBUF (RegWrite)
    ----------------------------------------
    Total                      0.751ns (0.472ns logic, 0.279ns route)
                                       (62.8% logic, 37.2% route)

=========================================================================

Cross Clock Domains Report:
--------------------------

=========================================================================


Total REAL time to Xst completion: 4.00 secs
Total CPU time to Xst completion: 4.30 secs
 
--> 

Total memory usage is 4689112 kilobytes

Number of errors   :    0 (   0 filtered)
Number of warnings :   13 (   0 filtered)
Number of infos    :    1 (   0 filtered)

